Using pre-set license
Built from '2020.3/china_unity/release' branch; Version is '2020.3.3f1c1 (a34b99c2c582) revision 10701721'; Using compiler version '192528614'; Build Type 'Release'
OS: 'Windows 10 Pro; OS build 18363.592; Version 1909; 64bit' Language: 'zh' Physical Memory: 32515 MB
BatchMode: 1, IsHumanControllingUs: 0, StartBugReporterOnCrash: 0, Is64bit: 1, IsPro: 0

 COMMAND LINE ARGUMENTS:
C:\Program Files\Unity Editor\2020.3.3f1c1\Editor\Unity.exe
-adb2
-batchMode
-noUpm
-name
AssetImportWorker0
-projectPath
C:/ProjectsWithUnity/tolua Test Project
-logFile
Logs/AssetImportWorker0.log
-srvPort
52341
Successfully changed project path to: C:/ProjectsWithUnity/tolua Test Project
C:/ProjectsWithUnity/tolua Test Project
Using Asset Import Pipeline V2.
Refreshing native plugins compatible for Editor in 23.28 ms, found 1 plugins.
Preloading 0 native plugins for Editor in 0.00 ms.
Initialize engine version: 2020.3.3f1c1 (a34b99c2c582)
[Subsystems] Discovering subsystems at path C:/Program Files/Unity Editor/2020.3.3f1c1/Editor/Data/Resources/UnitySubsystems
[Subsystems] Discovering subsystems at path C:/ProjectsWithUnity/tolua Test Project/Assets
GfxDevice: creating device client; threaded=0
Direct3D:
    Version:  Direct3D 11.0 [level 11.1]
    Renderer: NVIDIA GeForce GTX 1660 Ti (ID=0x2182)
    Vendor:   
    VRAM:     5991 MB
    Driver:   27.21.14.6172
Initialize mono
Mono path[0] = 'C:/Program Files/Unity Editor/2020.3.3f1c1/Editor/Data/Managed'
Mono path[1] = 'C:/Program Files/Unity Editor/2020.3.3f1c1/Editor/Data/MonoBleedingEdge/lib/mono/unityjit'
Mono config path = 'C:/Program Files/Unity Editor/2020.3.3f1c1/Editor/Data/MonoBleedingEdge/etc'
Using monoOptions --debugger-agent=transport=dt_socket,embedding=1,server=y,suspend=n,address=127.0.0.1:56396
Begin MonoManager ReloadAssembly
Registering precompiled unity dll's ...
Register platform support module: C:/Program Files/Unity Editor/2020.3.3f1c1/Editor/Data/PlaybackEngines/WindowsStandaloneSupport/UnityEditor.WindowsStandalone.Extensions.dll
Registered in 0.001817 seconds.
Native extension for WindowsStandalone target not found
Refreshing native plugins compatible for Editor in 22.07 ms, found 1 plugins.
Preloading 0 native plugins for Editor in 0.00 ms.
Invoked RoslynAnalysisRunner static constructor.
RoslynAnalysisRunner will not be running.
RoslynAnalysisRunner has terminated.
Mono: successfully reloaded assembly
- Completed reload, in  0.764 seconds
Platform modules already initialized, skipping
Registering precompiled user dll's ...
Registered in 0.002053 seconds.
Begin MonoManager ReloadAssembly
Native extension for WindowsStandalone target not found
Refreshing native plugins compatible for Editor in 0.27 ms, found 1 plugins.
Preloading 0 native plugins for Editor in 0.00 ms.
Invoked RoslynAnalysisRunner static constructor.
RoslynAnalysisRunner will not be running.
RoslynAnalysisRunner has terminated.
Mono: successfully reloaded assembly
- Completed reload, in  0.730 seconds
Platform modules already initialized, skipping
========================================================================
Worker process is ready to serve import requests
Launched and connected shader compiler UnityShaderCompiler.exe after 0.11 seconds
Refreshing native plugins compatible for Editor in 0.27 ms, found 1 plugins.
Preloading 0 native plugins for Editor in 0.00 ms.
Unloading 1307 Unused Serialized files (Serialized files now loaded: 0)
System memory in use before: 63.8 MB.
System memory in use after: 63.9 MB.

Unloading 18 unused Assets to reduce memory usage. Loaded Objects now: 1741.
Total: 1.421800 ms (FindLiveObjects: 0.143400 ms CreateObjectMapping: 0.052000 ms MarkObjects: 1.182300 ms  DeleteObjects: 0.043300 ms)

========================================================================
Received Import Request.
  path: Assets/Source/Generate/UnityEngine_SpaceWrap.cs
  artifactKey: Guid(0bfa72bb067e7ad4f8311bf0592fd2f4) Importer(815301076,1909f56bfc062723c751e8b465ee728b)
Start importing Assets/Source/Generate/UnityEngine_SpaceWrap.cs using Guid(0bfa72bb067e7ad4f8311bf0592fd2f4) Importer(815301076,1909f56bfc062723c751e8b465ee728b)  -> (artifact id: 'ca601513a923e217b7ad0b8510afe172') in 0.022534 seconds
  Import took 0.024443 seconds .

========================================================================
Received Import Request.
  Time since last request: 0.000327 seconds.
  path: Assets/Source/Generate/LuaBinder.cs
  artifactKey: Guid(9621a0179b692cd46b020b1de545ebed) Importer(815301076,1909f56bfc062723c751e8b465ee728b)
Start importing Assets/Source/Generate/LuaBinder.cs using Guid(9621a0179b692cd46b020b1de545ebed) Importer(815301076,1909f56bfc062723c751e8b465ee728b)  -> (artifact id: '3c92f69e823471c65f138a45ede5f446') in 0.005317 seconds
  Import took 0.007115 seconds .

========================================================================
Received Import Request.
  Time since last request: 0.000236 seconds.
  path: Assets/Source/Generate/UnityEngine_RenderSettingsWrap.cs
  artifactKey: Guid(e05e73070a4d2204b90505bfb8bd09ae) Importer(815301076,1909f56bfc062723c751e8b465ee728b)
Start importing Assets/Source/Generate/UnityEngine_RenderSettingsWrap.cs using Guid(e05e73070a4d2204b90505bfb8bd09ae) Importer(815301076,1909f56bfc062723c751e8b465ee728b)  -> (artifact id: '278e3c55e50d9d77f052e6e8483a4001') in 0.005849 seconds
  Import took 0.007870 seconds .

========================================================================
Received Import Request.
  Time since last request: 17.617868 seconds.
  path: Assets/ToLua/Examples/01_HelloWorld
  artifactKey: Guid(79324a58d1dd94843a6e15fb4d77da66) Importer(815301076,1909f56bfc062723c751e8b465ee728b)
Start importing Assets/ToLua/Examples/01_HelloWorld using Guid(79324a58d1dd94843a6e15fb4d77da66) Importer(815301076,1909f56bfc062723c751e8b465ee728b)  -> (artifact id: '732a12551e7d65627b31ba80193a715d') in 0.006121 seconds
  Import took 0.008370 seconds .

========================================================================
Received Import Request.
  Time since last request: 1.419685 seconds.
  path: Assets/ToLua/Examples/01_HelloWorld/HelloWorld.unity
  artifactKey: Guid(7ce3f2dc80a0205428a5372f74800258) Importer(815301076,1909f56bfc062723c751e8b465ee728b)
Start importing Assets/ToLua/Examples/01_HelloWorld/HelloWorld.unity using Guid(7ce3f2dc80a0205428a5372f74800258) Importer(815301076,1909f56bfc062723c751e8b465ee728b)  -> (artifact id: '655074e12e9158d257f3144da1df3474') in 0.010568 seconds
  Import took 0.012382 seconds .

========================================================================
Received Import Request.
  Time since last request: 1.228483 seconds.
  path: Assets/ToLua/Examples/01_HelloWorld/HelloWorld.cs
  artifactKey: Guid(1db6056d0e0ccb049ae392139c512608) Importer(815301076,1909f56bfc062723c751e8b465ee728b)
Start importing Assets/ToLua/Examples/01_HelloWorld/HelloWorld.cs using Guid(1db6056d0e0ccb049ae392139c512608) Importer(815301076,1909f56bfc062723c751e8b465ee728b)  -> (artifact id: 'e25b9679a2d888406d11562980c7ef4c') in 0.006165 seconds
  Import took 0.008197 seconds .

========================================================================
Received Import Request.
  Time since last request: 19.942968 seconds.
  path: Assets/ToLua/Examples/02_ScriptsFromFile/ScriptsFromFile.lua
  artifactKey: Guid(fbc95a40dca6ccf448ff2a7f1905e751) Importer(815301076,1909f56bfc062723c751e8b465ee728b)
Start importing Assets/ToLua/Examples/02_ScriptsFromFile/ScriptsFromFile.lua using Guid(fbc95a40dca6ccf448ff2a7f1905e751) Importer(815301076,1909f56bfc062723c751e8b465ee728b)  -> (artifact id: '6d345343f5be2346fadcf3700ab36182') in 0.007618 seconds
  Import took 0.009431 seconds .

========================================================================
Received Import Request.
  Time since last request: 0.558946 seconds.
  path: Assets/ToLua/Examples/02_ScriptsFromFile/ScriptsFromFile.cs
  artifactKey: Guid(17346dbce1e39bd4b8cb9cdf6b9249e7) Importer(815301076,1909f56bfc062723c751e8b465ee728b)
Start importing Assets/ToLua/Examples/02_ScriptsFromFile/ScriptsFromFile.cs using Guid(17346dbce1e39bd4b8cb9cdf6b9249e7) Importer(815301076,1909f56bfc062723c751e8b465ee728b)  -> (artifact id: '3c6475cb19e138ae06ad6fe8782ce665') in 0.002165 seconds
  Import took 0.004051 seconds .

========================================================================
Received Import Request.
  Time since last request: 0.001574 seconds.
  path: Assets/ToLua/Examples/02_ScriptsFromFile/ScriptsFromFile.cs
  artifactKey: Guid(17346dbce1e39bd4b8cb9cdf6b9249e7) Importer(815301076,1909f56bfc062723c751e8b465ee728b)
Start importing Assets/ToLua/Examples/02_ScriptsFromFile/ScriptsFromFile.cs using Guid(17346dbce1e39bd4b8cb9cdf6b9249e7) Importer(815301076,1909f56bfc062723c751e8b465ee728b)  -> (artifact id: '3c6475cb19e138ae06ad6fe8782ce665') in 0.001927 seconds
  Import took 0.003804 seconds .

========================================================================
Received Import Request.
  Time since last request: 58.822000 seconds.
  path: Assets/ToLua/Examples/TestInjection/TestInjection.cs
  artifactKey: Guid(f95133dba6f6a1a40936257b1a8b3dae) Importer(815301076,1909f56bfc062723c751e8b465ee728b)
Start importing Assets/ToLua/Examples/TestInjection/TestInjection.cs using Guid(f95133dba6f6a1a40936257b1a8b3dae) Importer(815301076,1909f56bfc062723c751e8b465ee728b)  -> (artifact id: 'f90a2f331747e43da8c5fe4b2a3c40e0') in 0.006682 seconds
  Import took 0.008636 seconds .

========================================================================
Received Import Request.
  Time since last request: 0.948963 seconds.
  path: Assets/ToLua/Examples/TestInjection/TestInjection.unity
  artifactKey: Guid(05dc1e98babb44f47ad2a28a88b76380) Importer(815301076,1909f56bfc062723c751e8b465ee728b)
Start importing Assets/ToLua/Examples/TestInjection/TestInjection.unity using Guid(05dc1e98babb44f47ad2a28a88b76380) Importer(815301076,1909f56bfc062723c751e8b465ee728b)  -> (artifact id: 'b2aaf3c5f5126c83be67361a7b0a9b1a') in 0.009165 seconds
  Import took 0.012089 seconds .

========================================================================
Received Import Request.
  Time since last request: 0.621497 seconds.
  path: Assets/ToLua/Examples/TestInjection/ToLuaInjectionTest.cs
  artifactKey: Guid(80e29c43f1cea9d4988c36fd2f6c26c1) Importer(815301076,1909f56bfc062723c751e8b465ee728b)
Start importing Assets/ToLua/Examples/TestInjection/ToLuaInjectionTest.cs using Guid(80e29c43f1cea9d4988c36fd2f6c26c1) Importer(815301076,1909f56bfc062723c751e8b465ee728b)  -> (artifact id: '0a1ded03ac782acb8c4b0e98e3062e4e') in 0.006116 seconds
  Import took 0.007969 seconds .

========================================================================
Received Import Request.
  Time since last request: 0.001299 seconds.
  path: Assets/ToLua/Examples/TestInjection/ToLuaInjectionTest.cs
  artifactKey: Guid(80e29c43f1cea9d4988c36fd2f6c26c1) Importer(815301076,1909f56bfc062723c751e8b465ee728b)
Start importing Assets/ToLua/Examples/TestInjection/ToLuaInjectionTest.cs using Guid(80e29c43f1cea9d4988c36fd2f6c26c1) Importer(815301076,1909f56bfc062723c751e8b465ee728b)  -> (artifact id: '0a1ded03ac782acb8c4b0e98e3062e4e') in 0.002173 seconds
  Import took 0.004072 seconds .

========================================================================
Received Import Request.
  Time since last request: 12.306309 seconds.
  path: Assets/ToLua/Lua/jit/dis_arm64.lua
  artifactKey: Guid(b4d4c9abbcac24849b38a339a3bf4529) Importer(815301076,1909f56bfc062723c751e8b465ee728b)
Start importing Assets/ToLua/Lua/jit/dis_arm64.lua using Guid(b4d4c9abbcac24849b38a339a3bf4529) Importer(815301076,1909f56bfc062723c751e8b465ee728b)  -> (artifact id: 'b5d550d8ee8e11a4c9b1927f43642882') in 0.006376 seconds
  Import took 0.008407 seconds .

========================================================================
Received Import Request.
  Time since last request: 0.439940 seconds.
  path: Assets/ToLua/Lua/jit/dis_arm64be.lua
  artifactKey: Guid(9743f232842733e4c9e3b478b8adbffd) Importer(815301076,1909f56bfc062723c751e8b465ee728b)
Start importing Assets/ToLua/Lua/jit/dis_arm64be.lua using Guid(9743f232842733e4c9e3b478b8adbffd) Importer(815301076,1909f56bfc062723c751e8b465ee728b)  -> (artifact id: '146d69d9ba3a6648d53ef5c7bc8f1780') in 0.006727 seconds
  Import took 0.008582 seconds .

========================================================================
Received Import Request.
  Time since last request: 0.300422 seconds.
  path: Assets/ToLua/Lua/jit/dis_mips64.lua
  artifactKey: Guid(45cd531eacd4e694585cb017ffc7df14) Importer(815301076,1909f56bfc062723c751e8b465ee728b)
Start importing Assets/ToLua/Lua/jit/dis_mips64.lua using Guid(45cd531eacd4e694585cb017ffc7df14) Importer(815301076,1909f56bfc062723c751e8b465ee728b)  -> (artifact id: 'aba27bc3dec082e8da5d296d781e4035') in 0.006616 seconds
  Import took 0.008761 seconds .

========================================================================
Received Import Request.
  Time since last request: 6.304266 seconds.
  path: Assets/ToLua/Lua/protobuf/listener.lua
  artifactKey: Guid(7778f4f6aeddbee43984c5da8cc06953) Importer(815301076,1909f56bfc062723c751e8b465ee728b)
Start importing Assets/ToLua/Lua/protobuf/listener.lua using Guid(7778f4f6aeddbee43984c5da8cc06953) Importer(815301076,1909f56bfc062723c751e8b465ee728b)  -> (artifact id: '641fc70f3c3f5bd9a6d12611aba523b0') in 0.006340 seconds
  Import took 0.008228 seconds .

========================================================================
Received Import Request.
  Time since last request: 0.879709 seconds.
  path: Assets/ToLua/Lua/protobuf/type_checkers.lua
  artifactKey: Guid(38d553dac9a25c84c9c7d74608783a1b) Importer(815301076,1909f56bfc062723c751e8b465ee728b)
Start importing Assets/ToLua/Lua/protobuf/type_checkers.lua using Guid(38d553dac9a25c84c9c7d74608783a1b) Importer(815301076,1909f56bfc062723c751e8b465ee728b)  -> (artifact id: 'b49aa949579945ca827a7a8cc46a89bc') in 0.006221 seconds
  Import took 0.008664 seconds .

========================================================================
Received Import Request.
  Time since last request: 2.353379 seconds.
  path: Assets/ToLua/Lua/lpeg/re.lua
  artifactKey: Guid(b7e8b1ba4c06a4d4db879ad831cb62f1) Importer(815301076,1909f56bfc062723c751e8b465ee728b)
Start importing Assets/ToLua/Lua/lpeg/re.lua using Guid(b7e8b1ba4c06a4d4db879ad831cb62f1) Importer(815301076,1909f56bfc062723c751e8b465ee728b)  -> (artifact id: '5ada542755aed42487cdddcdea241e16') in 0.006297 seconds
  Import took 0.008225 seconds .

========================================================================
Received Import Request.
  Time since last request: 2.045904 seconds.
  path: Assets/ToLua/Lua/jit/dis_arm.lua
  artifactKey: Guid(0ca08f899c4b9e9468fe93edcef60270) Importer(815301076,1909f56bfc062723c751e8b465ee728b)
Start importing Assets/ToLua/Lua/jit/dis_arm.lua using Guid(0ca08f899c4b9e9468fe93edcef60270) Importer(815301076,1909f56bfc062723c751e8b465ee728b)  -> (artifact id: '92dcf10f9eea17dae655bf9df2dd95cd') in 0.006206 seconds
  Import took 0.008217 seconds .

========================================================================
Received Import Request.
  Time since last request: 0.312355 seconds.
  path: Assets/ToLua/Lua/jit/dis_mips.lua
  artifactKey: Guid(24d7d1c35dd3f7b4e8b37409571d4a8d) Importer(815301076,1909f56bfc062723c751e8b465ee728b)
Start importing Assets/ToLua/Lua/jit/dis_mips.lua using Guid(24d7d1c35dd3f7b4e8b37409571d4a8d) Importer(815301076,1909f56bfc062723c751e8b465ee728b)  -> (artifact id: '22f404db057b26099702f7b52b9ed7e8') in 0.005851 seconds
  Import took 0.007776 seconds .

========================================================================
Received Import Request.
  Time since last request: 0.313597 seconds.
  path: Assets/ToLua/Lua/jit/dis_ppc.lua
  artifactKey: Guid(1231975d3fb5f1b4995c9112ea3537f4) Importer(815301076,1909f56bfc062723c751e8b465ee728b)
Start importing Assets/ToLua/Lua/jit/dis_ppc.lua using Guid(1231975d3fb5f1b4995c9112ea3537f4) Importer(815301076,1909f56bfc062723c751e8b465ee728b)  -> (artifact id: '5b8a2eceff09342afbfd86b4f42c516e') in 0.006310 seconds
  Import took 0.008303 seconds .

========================================================================
Received Import Request.
  Time since last request: 1.775183 seconds.
  path: Assets/ToLua/Lua/cjson/util.lua
  artifactKey: Guid(d6b21c50e0c10c840bb4965a6b03fdc1) Importer(815301076,1909f56bfc062723c751e8b465ee728b)
Start importing Assets/ToLua/Lua/cjson/util.lua using Guid(d6b21c50e0c10c840bb4965a6b03fdc1) Importer(815301076,1909f56bfc062723c751e8b465ee728b)  -> (artifact id: '389b600ceac112b63e04108c454008a5') in 0.006215 seconds
  Import took 0.008252 seconds .

========================================================================
Received Import Request.
  Time since last request: 2.298822 seconds.
  path: Assets/ToLua/Lua/misc/utf8.lua
  artifactKey: Guid(c7ac60fc5e653564588e60deb91863ee) Importer(815301076,1909f56bfc062723c751e8b465ee728b)
Start importing Assets/ToLua/Lua/misc/utf8.lua using Guid(c7ac60fc5e653564588e60deb91863ee) Importer(815301076,1909f56bfc062723c751e8b465ee728b)  -> (artifact id: '1c2ee60e923cf9e03333951166e98820') in 0.006155 seconds
  Import took 0.008299 seconds .

========================================================================
Received Import Request.
  Time since last request: 0.413687 seconds.
  path: Assets/ToLua/Lua/misc/strict.lua
  artifactKey: Guid(4df6e3671aafc8e4d82fee6a2cf5948e) Importer(815301076,1909f56bfc062723c751e8b465ee728b)
Start importing Assets/ToLua/Lua/misc/strict.lua using Guid(4df6e3671aafc8e4d82fee6a2cf5948e) Importer(815301076,1909f56bfc062723c751e8b465ee728b)  -> (artifact id: '70d72785e34916aed7ab005f22fd5cb2') in 0.006012 seconds
  Import took 0.007897 seconds .

========================================================================
Received Import Request.
  Time since last request: 0.470817 seconds.
  path: Assets/ToLua/Lua/misc/functions.lua
  artifactKey: Guid(7ad071edc48d0d8469028957a2df9c67) Importer(815301076,1909f56bfc062723c751e8b465ee728b)
Start importing Assets/ToLua/Lua/misc/functions.lua using Guid(7ad071edc48d0d8469028957a2df9c67) Importer(815301076,1909f56bfc062723c751e8b465ee728b)  -> (artifact id: '5e85d67c5dc9d9ea9e25b23d78198e87') in 0.006350 seconds
  Import took 0.008288 seconds .

========================================================================
Received Import Request.
  Time since last request: 4.474345 seconds.
  path: Assets/ToLua/Lua/System/Injection/LuaInjectionBus.lua
  artifactKey: Guid(3f358679c92622642a844c157ce4fece) Importer(815301076,1909f56bfc062723c751e8b465ee728b)
Start importing Assets/ToLua/Lua/System/Injection/LuaInjectionBus.lua using Guid(3f358679c92622642a844c157ce4fece) Importer(815301076,1909f56bfc062723c751e8b465ee728b)  -> (artifact id: '799e1945e797b603c9157a73df3d0999') in 0.006132 seconds
  Import took 0.007962 seconds .

========================================================================
Received Import Request.
  Time since last request: 0.591913 seconds.
  path: Assets/ToLua/Lua/System/Injection/InjectionBridgeInfo.lua
  artifactKey: Guid(ddd0929c7e5e87a43ac765a3d62c90a7) Importer(815301076,1909f56bfc062723c751e8b465ee728b)
Start importing Assets/ToLua/Lua/System/Injection/InjectionBridgeInfo.lua using Guid(ddd0929c7e5e87a43ac765a3d62c90a7) Importer(815301076,1909f56bfc062723c751e8b465ee728b)  -> (artifact id: '2255da8f3fab1d9ba92fc0c10a28f35e') in 0.006330 seconds
  Import took 0.008280 seconds .

========================================================================
Received Import Request.
  Time since last request: 0.726372 seconds.
  path: Assets/ToLua/Lua/System/Injection/LuaInjectionStation.lua
  artifactKey: Guid(78b8ba284d726bf48803904bd5ada5c4) Importer(815301076,1909f56bfc062723c751e8b465ee728b)
Start importing Assets/ToLua/Lua/System/Injection/LuaInjectionStation.lua using Guid(78b8ba284d726bf48803904bd5ada5c4) Importer(815301076,1909f56bfc062723c751e8b465ee728b)  -> (artifact id: '9d216390ecab7c1385a8fa83ee1643bc') in 0.006063 seconds
  Import took 0.007862 seconds .

========================================================================
Received Import Request.
  Time since last request: 1.878516 seconds.
  path: Assets/ToLua/Lua/System/Reflection/BindingFlags.lua
  artifactKey: Guid(447334b96205b8040b534702d8d806c6) Importer(815301076,1909f56bfc062723c751e8b465ee728b)
Start importing Assets/ToLua/Lua/System/Reflection/BindingFlags.lua using Guid(447334b96205b8040b534702d8d806c6) Importer(815301076,1909f56bfc062723c751e8b465ee728b)  -> (artifact id: '8f4795769812eb40daaba72574b617eb') in 0.006469 seconds
  Import took 0.008633 seconds .

========================================================================
Received Import Request.
  Time since last request: 2.178031 seconds.
  path: Assets/ToLua/Lua/UnityEngine/Mathf.lua
  artifactKey: Guid(5cfbc4fb807d4e444bd41df7de6c249e) Importer(815301076,1909f56bfc062723c751e8b465ee728b)
Start importing Assets/ToLua/Lua/UnityEngine/Mathf.lua using Guid(5cfbc4fb807d4e444bd41df7de6c249e) Importer(815301076,1909f56bfc062723c751e8b465ee728b)  -> (artifact id: 'cd51eb638c87598c8b9241bd2193be81') in 0.006534 seconds
  Import took 0.008482 seconds .

========================================================================
Received Import Request.
  Time since last request: 0.427432 seconds.
  path: Assets/ToLua/Lua/UnityEngine/Profiler.lua
  artifactKey: Guid(37c51fa1e5d7c094f8620b364c731293) Importer(815301076,1909f56bfc062723c751e8b465ee728b)
Start importing Assets/ToLua/Lua/UnityEngine/Profiler.lua using Guid(37c51fa1e5d7c094f8620b364c731293) Importer(815301076,1909f56bfc062723c751e8b465ee728b)  -> (artifact id: '6d1e161f2943618943b4b51638d2b880') in 0.006529 seconds
  Import took 0.008394 seconds .

========================================================================
Received Import Request.
  Time since last request: 0.300738 seconds.
  path: Assets/ToLua/Lua/UnityEngine/RaycastHit.lua
  artifactKey: Guid(707a4e1a225007d45923200abf2c9c13) Importer(815301076,1909f56bfc062723c751e8b465ee728b)
Start importing Assets/ToLua/Lua/UnityEngine/RaycastHit.lua using Guid(707a4e1a225007d45923200abf2c9c13) Importer(815301076,1909f56bfc062723c751e8b465ee728b)  -> (artifact id: 'b54a1e7e6297687e965099f627095ebb') in 0.006141 seconds
  Import took 0.008020 seconds .

========================================================================
Received Import Request.
  Time since last request: 0.303823 seconds.
  path: Assets/ToLua/Lua/UnityEngine/Vector3.lua
  artifactKey: Guid(3697c841f98720444b380cc2756c17ea) Importer(815301076,1909f56bfc062723c751e8b465ee728b)
Start importing Assets/ToLua/Lua/UnityEngine/Vector3.lua using Guid(3697c841f98720444b380cc2756c17ea) Importer(815301076,1909f56bfc062723c751e8b465ee728b)  -> (artifact id: '20f84acbc196dccb0d3b694199248d84') in 0.006094 seconds
  Import took 0.008027 seconds .

========================================================================
Received Import Request.
  Time since last request: 0.911918 seconds.
  path: Assets/ToLua/Lua/UnityEngine/Vector4.lua
  artifactKey: Guid(7e294d4af7e55084dadac8ee7a76099d) Importer(815301076,1909f56bfc062723c751e8b465ee728b)
Start importing Assets/ToLua/Lua/UnityEngine/Vector4.lua using Guid(7e294d4af7e55084dadac8ee7a76099d) Importer(815301076,1909f56bfc062723c751e8b465ee728b)  -> (artifact id: '832c277827fda69237e7a9d27f411cbc') in 0.006358 seconds
  Import took 0.008182 seconds .

========================================================================
Received Import Request.
  Time since last request: 62.679252 seconds.
  path: Assets/ToLua/Lua/UnityEngine/Vector2.lua
  artifactKey: Guid(ebac0a3bf4e463249a78081c5cc3abcf) Importer(815301076,1909f56bfc062723c751e8b465ee728b)
Start importing Assets/ToLua/Lua/UnityEngine/Vector2.lua using Guid(ebac0a3bf4e463249a78081c5cc3abcf) Importer(815301076,1909f56bfc062723c751e8b465ee728b)  -> (artifact id: '50ec1726a39a382e9c90226de80ff01f') in 0.006223 seconds
  Import took 0.008233 seconds .

========================================================================
Received Import Request.
  Time since last request: 4.314900 seconds.
  path: Assets/ToLua/Misc/LuaCoroutine.cs
  artifactKey: Guid(61c0f3aff91dfbd4097181bfb8c99d7f) Importer(815301076,1909f56bfc062723c751e8b465ee728b)
Start importing Assets/ToLua/Misc/LuaCoroutine.cs using Guid(61c0f3aff91dfbd4097181bfb8c99d7f) Importer(815301076,1909f56bfc062723c751e8b465ee728b)  -> (artifact id: '6d8bbdd0951bea0acc5c5721f421d665') in 0.006317 seconds
  Import took 0.008161 seconds .

========================================================================
Received Import Request.
  Time since last request: 0.658401 seconds.
  path: Assets/ToLua/Misc/LuaLooper.cs
  artifactKey: Guid(d56dbfed903b80e498bb872845c17e7e) Importer(815301076,1909f56bfc062723c751e8b465ee728b)
Start importing Assets/ToLua/Misc/LuaLooper.cs using Guid(d56dbfed903b80e498bb872845c17e7e) Importer(815301076,1909f56bfc062723c751e8b465ee728b)  -> (artifact id: '2b75c050c74b102f62ada5cd3267c1cd') in 0.006044 seconds
  Import took 0.007877 seconds .

========================================================================
Received Import Request.
  Time since last request: 0.001082 seconds.
  path: Assets/ToLua/Misc/LuaLooper.cs
  artifactKey: Guid(d56dbfed903b80e498bb872845c17e7e) Importer(815301076,1909f56bfc062723c751e8b465ee728b)
Start importing Assets/ToLua/Misc/LuaLooper.cs using Guid(d56dbfed903b80e498bb872845c17e7e) Importer(815301076,1909f56bfc062723c751e8b465ee728b)  -> (artifact id: '2b75c050c74b102f62ada5cd3267c1cd') in 0.002556 seconds
  Import took 0.004333 seconds .

========================================================================
Received Import Request.
  Time since last request: 2.873171 seconds.
  path: Assets/ToLua/Misc/LuaProfiler.cs
  artifactKey: Guid(29c635f2321c2dc48aea28e8e6accb7e) Importer(815301076,1909f56bfc062723c751e8b465ee728b)
Start importing Assets/ToLua/Misc/LuaProfiler.cs using Guid(29c635f2321c2dc48aea28e8e6accb7e) Importer(815301076,1909f56bfc062723c751e8b465ee728b)  -> (artifact id: '2ca465591d7e1db679859fa605e8b574') in 0.005475 seconds
  Import took 0.007348 seconds .

========================================================================
Received Import Request.
  Time since last request: 0.000293 seconds.
  path: Assets/ToLua/Misc/LuaProfiler.cs
  artifactKey: Guid(29c635f2321c2dc48aea28e8e6accb7e) Importer(815301076,1909f56bfc062723c751e8b465ee728b)
Start importing Assets/ToLua/Misc/LuaProfiler.cs using Guid(29c635f2321c2dc48aea28e8e6accb7e) Importer(815301076,1909f56bfc062723c751e8b465ee728b)  -> (artifact id: '2ca465591d7e1db679859fa605e8b574') in 0.001796 seconds
  Import took 0.003721 seconds .

========================================================================
Received Import Request.
  Time since last request: 11.434231 seconds.
  path: Assets/ToLua/Examples
  artifactKey: Guid(940a49ebae9b91b4fb0682c92d968933) Importer(815301076,1909f56bfc062723c751e8b465ee728b)
Start importing Assets/ToLua/Examples using Guid(940a49ebae9b91b4fb0682c92d968933) Importer(815301076,1909f56bfc062723c751e8b465ee728b)  -> (artifact id: 'd2011be2667b843353a890747a48b2cd') in 0.006284 seconds
  Import took 0.008094 seconds .

========================================================================
Received Prepare
Registering precompiled user dll's ...
Registered in 0.001816 seconds.
Begin MonoManager ReloadAssembly
Native extension for WindowsStandalone target not found
Refreshing native plugins compatible for Editor in 0.26 ms, found 1 plugins.
Preloading 0 native plugins for Editor in 0.00 ms.
Invoked RoslynAnalysisRunner static constructor.
RoslynAnalysisRunner will not be running.
RoslynAnalysisRunner has terminated.
Mono: successfully reloaded assembly
- Completed reload, in  0.684 seconds
Platform modules already initialized, skipping
Refreshing native plugins compatible for Editor in 0.26 ms, found 1 plugins.
Preloading 0 native plugins for Editor in 0.00 ms.
Unloading 1301 Unused Serialized files (Serialized files now loaded: 0)
System memory in use before: 63.7 MB.
System memory in use after: 63.8 MB.

Unloading 13 unused Assets to reduce memory usage. Loaded Objects now: 1744.
Total: 1.353000 ms (FindLiveObjects: 0.121400 ms CreateObjectMapping: 0.034800 ms MarkObjects: 1.183500 ms  DeleteObjects: 0.012600 ms)

========================================================================
Received Prepare
Registering precompiled user dll's ...
Registered in 0.001878 seconds.
Begin MonoManager ReloadAssembly
Native extension for WindowsStandalone target not found
Refreshing native plugins compatible for Editor in 0.28 ms, found 1 plugins.
Preloading 0 native plugins for Editor in 0.00 ms.
Invoked RoslynAnalysisRunner static constructor.
RoslynAnalysisRunner will not be running.
RoslynAnalysisRunner has terminated.
Mono: successfully reloaded assembly
- Completed reload, in  0.701 seconds
Platform modules already initialized, skipping
Refreshing native plugins compatible for Editor in 0.30 ms, found 1 plugins.
Preloading 0 native plugins for Editor in 0.00 ms.
Unloading 1301 Unused Serialized files (Serialized files now loaded: 0)
System memory in use before: 63.7 MB.
System memory in use after: 63.8 MB.

Unloading 13 unused Assets to reduce memory usage. Loaded Objects now: 1747.
Total: 1.441100 ms (FindLiveObjects: 0.156500 ms CreateObjectMapping: 0.052600 ms MarkObjects: 1.218000 ms  DeleteObjects: 0.013000 ms)

========================================================================
Received Import Request.
  Time since last request: 345.175800 seconds.
  path: Assets/ToLua/Examples/21_String/TestString.unity
  artifactKey: Guid(8e6bca3bb283b3247a8692ac6e03d4ff) Importer(815301076,1909f56bfc062723c751e8b465ee728b)
Start importing Assets/ToLua/Examples/21_String/TestString.unity using Guid(8e6bca3bb283b3247a8692ac6e03d4ff) Importer(815301076,1909f56bfc062723c751e8b465ee728b)  -> (artifact id: '85dc378699f876b0fec5368cbdd1cddd') in 0.012926 seconds
  Import took 0.015307 seconds .

========================================================================
Received Import Request.
  Time since last request: 4.826727 seconds.
  path: Assets/ToLua/Examples/02_ScriptsFromFile/ScriptsFromFile.unity
  artifactKey: Guid(e011b54a109dd1c43b5ed71ca3590a32) Importer(815301076,1909f56bfc062723c751e8b465ee728b)
Start importing Assets/ToLua/Examples/02_ScriptsFromFile/ScriptsFromFile.unity using Guid(e011b54a109dd1c43b5ed71ca3590a32) Importer(815301076,1909f56bfc062723c751e8b465ee728b)  -> (artifact id: '62345d679294232c068d08d8f081627f') in 0.006045 seconds
  Import took 0.008875 seconds .

========================================================================
Received Prepare
Registering precompiled user dll's ...
Registered in 0.002049 seconds.
Begin MonoManager ReloadAssembly
Native extension for WindowsStandalone target not found
Refreshing native plugins compatible for Editor in 0.31 ms, found 1 plugins.
Preloading 0 native plugins for Editor in 0.00 ms.
Invoked RoslynAnalysisRunner static constructor.
RoslynAnalysisRunner will not be running.
RoslynAnalysisRunner has terminated.
Mono: successfully reloaded assembly
- Completed reload, in  0.756 seconds
Platform modules already initialized, skipping
Refreshing native plugins compatible for Editor in 0.29 ms, found 1 plugins.
Preloading 0 native plugins for Editor in 0.00 ms.
Unloading 1301 Unused Serialized files (Serialized files now loaded: 0)
System memory in use before: 63.7 MB.
System memory in use after: 63.8 MB.

Unloading 13 unused Assets to reduce memory usage. Loaded Objects now: 1750.
Total: 1.477700 ms (FindLiveObjects: 0.144600 ms CreateObjectMapping: 0.040900 ms MarkObjects: 1.276700 ms  DeleteObjects: 0.014500 ms)

========================================================================
Received Prepare
Registering precompiled user dll's ...
Registered in 0.002115 seconds.
Begin MonoManager ReloadAssembly
Native extension for WindowsStandalone target not found
Refreshing native plugins compatible for Editor in 0.30 ms, found 1 plugins.
Preloading 0 native plugins for Editor in 0.00 ms.
Invoked RoslynAnalysisRunner static constructor.
RoslynAnalysisRunner will not be running.
RoslynAnalysisRunner has terminated.
Mono: successfully reloaded assembly
- Completed reload, in  0.778 seconds
Platform modules already initialized, skipping
Refreshing native plugins compatible for Editor in 0.29 ms, found 1 plugins.
Preloading 0 native plugins for Editor in 0.00 ms.
Unloading 1301 Unused Serialized files (Serialized files now loaded: 0)
System memory in use before: 63.7 MB.
System memory in use after: 63.8 MB.

Unloading 13 unused Assets to reduce memory usage. Loaded Objects now: 1753.
Total: 1.549200 ms (FindLiveObjects: 0.142600 ms CreateObjectMapping: 0.047400 ms MarkObjects: 1.343200 ms  DeleteObjects: 0.015100 ms)

